<?xml version="1.0" encoding="UTF-8"?>
<!-- Generated by org.testng.reporters.JUnitReportReporter -->
<testsuite hostname="Neelams-iMac.local" failures="0" tests="2" name="extentReportDemo" time="245.780" errors="0" timestamp="2022-01-16T18:44:31 PST" skipped="0">
  <testcase classname="extentReportDemo" name="extentReport1" time="157.627"/>
  <system-out/>
  <testcase classname="extentReportDemo" name="extentReport2" time="88.153"/>
  <system-out/>
</testsuite> <!-- extentReportDemo -->
